<?xml version="1.0" encoding="UTF-8"?>
<!-- Generated by org.testng.reporters.JUnitXMLReporter -->
<testsuite hostname="Alin" ignored="2" name="Surefire test" tests="2" failures="0" timestamp="05 Dec 2018 07:36:02 GMT" time="46.685" errors="0">
  <testcase name="testOne" time="8.568" classname="ro.nila.tests.FirstTest"/>
  <testcase name="testTwo" time="12.724" classname="ro.nila.tests.SecondTest"/>
  <testcase name="@BeforeSuite beforeSuite" time="0.0" classname="ro.nila.base.TestBase">
    <ignored/>
  </testcase> <!-- @BeforeSuite beforeSuite -->
  <testcase name="@AfterSuite tearDownAfterSuite" time="0.0" classname="ro.nila.base.TestBase">
    <ignored/>
  </testcase> <!-- @AfterSuite tearDownAfterSuite -->
</testsuite> <!-- Surefire test -->
